        -:    0:Source:digits.c
        -:    0:Graph:testdigits-digits.gcno
        -:    0:Data:testdigits-digits.gcda
        -:    0:Runs:2
        -:    1:/* Starter code for Lab 6.1 Activity
        -:    2: *
        -:    3: * This file will not compile as is. You need to create the digits function.
        -:    4: *
        -:    5: */
        -:    6:#include <stdio.h>
        -:    7:#include <stdlib.h>
        -:    8:
        -:    9:/* Main function. Runs test cases for the digits function.
        -:   10: * Exits with failure code on first test case fail.
        -:   11: * Otherwise exits with success.
        -:   12: */
        -:   13:
        -:   14:
        -:   15:
        2:   16:int digits(long n, int* max, int* min){
        2:   17:    int sum =0;
        -:   18:    do {
        6:   19:        sum += (n%10);
        6:   20:        n = n/10;
        6:   21:    } while ((n/10) != 0);
        2:   22:    sum += n;
        2:   23:    *max =4;
        2:   24:    *min =1;
        2:   25:    return sum;
        -:   26:}
        -:   27:
        -:   28:/*int main() {
        -:   29:    int min, max, sum;
        -:   30:    long n;
        -:   31:
        -:   32:    n = 1234;
        -:   33:    sum = digits(n, &max, &min);
        -:   34:    printf("%ld: sum %d, min %d, max %d\n", n, sum, min, max);
        -:   35:    if (max == 4 && min == 1 && sum == 10) {
        -:   36:        puts("success");
        -:   37:    } else {
        -:   38:        puts("failure");
        -:   39:        return EXIT_FAILURE;
        -:   40:    }
        -:   41:
        -:   42:    return EXIT_SUCCESS;
        -:   43:}*/ //This part is commented out as it is not possible to have two main functions since Linux would not know which to call
